<?xml version="1.0" encoding="UTF-8"?>
<testng-results skipped="0" failed="1" ignored="0" total="2" passed="1">
  <reporter-output>
  </reporter-output>
  <suite name="Default suite" duration-ms="50483" started-at="2020-10-09T05:20:13Z" finished-at="2020-10-09T05:21:03Z">
    <groups>
    </groups>
    <test name="Default test" duration-ms="50483" started-at="2020-10-09T05:20:13Z" finished-at="2020-10-09T05:21:03Z">
      <class name="com.fb.sample.A">
        <test-method status="PASS" signature="Setup()[pri:0, instance:com.fb.sample.A@551aa95a]" name="Setup" is-config="true" duration-ms="48252" started-at="2020-10-09T10:50:13Z" finished-at="2020-10-09T10:51:01Z">
          <reporter-output>
          </reporter-output>
        </test-method> <!-- Setup -->
        <test-method status="FAIL" signature="VerifyTitle()[pri:0, instance:com.fb.sample.A@551aa95a]" name="VerifyTitle" duration-ms="28" started-at="2020-10-09T10:51:01Z" finished-at="2020-10-09T10:51:01Z">
          <exception class="java.lang.AssertionError">
            <message>
              <![CDATA[expected [Welcome] but found [Online Shopping Site for Mobiles, Electronics, Furniture, Grocery, Lifestyle, Books & More. Best Offers!]]]>
            </message>
            <full-stacktrace>
              <![CDATA[java.lang.AssertionError: expected [Welcome] but found [Online Shopping Site for Mobiles, Electronics, Furniture, Grocery, Lifestyle, Books & More. Best Offers!]
	at org.testng.Assert.fail(Assert.java:93)
	at org.testng.Assert.failNotEquals(Assert.java:512)
	at org.testng.Assert.assertEqualsImpl(Assert.java:134)
	at org.testng.Assert.assertEquals(Assert.java:115)
	at org.testng.Assert.assertEquals(Assert.java:189)
	at org.testng.Assert.assertEquals(Assert.java:199)
	at com.fb.sample.A.VerifyTitle(A.java:39)
	at sun.reflect.NativeMethodAccessorImpl.invoke0(Native Method)
	at sun.reflect.NativeMethodAccessorImpl.invoke(Unknown Source)
	at sun.reflect.DelegatingMethodAccessorImpl.invoke(Unknown Source)
	at java.lang.reflect.Method.invoke(Unknown Source)
	at org.testng.internal.MethodInvocationHelper.invokeMethod(MethodInvocationHelper.java:108)
	at org.testng.internal.Invoker.invokeMethod(Invoker.java:661)
	at org.testng.internal.Invoker.invokeTestMethod(Invoker.java:869)
	at org.testng.internal.Invoker.invokeTestMethods(Invoker.java:1193)
	at org.testng.internal.TestMethodWorker.invokeTestMethods(TestMethodWorker.java:126)
	at org.testng.internal.TestMethodWorker.run(TestMethodWorker.java:109)
	at org.testng.TestRunner.privateRun(TestRunner.java:744)
	at org.testng.TestRunner.run(TestRunner.java:602)
	at org.testng.SuiteRunner.runTest(SuiteRunner.java:380)
	at org.testng.SuiteRunner.runSequentially(SuiteRunner.java:375)
	at org.testng.SuiteRunner.privateRun(SuiteRunner.java:340)
	at org.testng.SuiteRunner.run(SuiteRunner.java:289)
	at org.testng.SuiteRunnerWorker.runSuite(SuiteRunnerWorker.java:52)
	at org.testng.SuiteRunnerWorker.run(SuiteRunnerWorker.java:86)
	at org.testng.TestNG.runSuitesSequentially(TestNG.java:1301)
	at org.testng.TestNG.runSuitesLocally(TestNG.java:1226)
	at org.testng.TestNG.runSuites(TestNG.java:1144)
	at org.testng.TestNG.run(TestNG.java:1115)
	at org.testng.remote.AbstractRemoteTestNG.run(AbstractRemoteTestNG.java:132)
	at org.testng.remote.RemoteTestNG.initAndRun(RemoteTestNG.java:230)
	at org.testng.remote.RemoteTestNG.main(RemoteTestNG.java:76)
]]>
            </full-stacktrace>
          </exception> <!-- java.lang.AssertionError -->
          <reporter-output>
          </reporter-output>
        </test-method> <!-- VerifyTitle -->
        <test-method status="PASS" signature="VerifyURL()[pri:0, instance:com.fb.sample.A@551aa95a]" name="VerifyURL" duration-ms="15" started-at="2020-10-09T10:51:01Z" finished-at="2020-10-09T10:51:01Z">
          <reporter-output>
          </reporter-output>
        </test-method> <!-- VerifyURL -->
        <test-method status="PASS" signature="Teardown()[pri:0, instance:com.fb.sample.A@551aa95a]" name="Teardown" is-config="true" duration-ms="2148" started-at="2020-10-09T10:51:01Z" finished-at="2020-10-09T10:51:03Z">
          <reporter-output>
          </reporter-output>
        </test-method> <!-- Teardown -->
      </class> <!-- com.fb.sample.A -->
    </test> <!-- Default test -->
  </suite> <!-- Default suite -->
</testng-results>
